<?xml version="1.0" encoding="UTF-8"?>
<!-- Generated by org.testng.reporters.JUnitReportReporter -->
<testsuite hostname="DESKTOP-4QVBOBU" failures="0" tests="2" name="Day43.AllAnotation" time="0.006" errors="0" timestamp="2024-07-09T07:53:48 IST" skipped="0">
  <testcase classname="Day43.AllAnotation" name="tm1" time="0.005"/>
  <testcase classname="Day43.AllAnotation" name="tm2" time="0.001"/>
</testsuite> <!-- Day43.AllAnotation -->
