<?xml version="1.0" encoding="UTF-8"?>
<!-- Generated by org.testng.reporters.JUnitReportReporter -->
<testsuite hostname="DESKTOP-4QVBOBU" failures="0" tests="3" name="basiweb.TestNG1" time="0.006" errors="0" timestamp="2024-07-09T07:03:56 IST" skipped="1">
  <testcase classname="basiweb.TestNG1" name="UserLogin3" time="0.005"/>
  <testcase classname="basiweb.TestNG1" name="UserLogin1" time="0.001"/>
  <testcase classname="basiweb.TestNG1" name="UserLogin2">
    <skipped/>
  </testcase> <!-- UserLogin2 -->
</testsuite> <!-- basiweb.TestNG1 -->
