<?xml version="1.0" encoding="UTF-8"?>
<!-- Generated by org.testng.reporters.JUnitReportReporter -->
<testsuite hostname="DESKTOP-4QVBOBU" failures="0" tests="2" name="Day43.C2" time="0.001" errors="0" timestamp="2024-07-09T07:47:25 IST" skipped="0">
  <testcase classname="Day43.C2" name="AdSearch" time="0.001"/>
  <testcase classname="Day43.C2" name="AdSearch" time="0.000"/>
</testsuite> <!-- Day43.C2 -->
