<?xml version="1.0" encoding="UTF-8"?>
<!-- Generated by org.testng.reporters.JUnitReportReporter -->
<testsuite hostname="DESKTOP-4QVBOBU" failures="0" tests="2" name="basiweb.testNG2" time="0.005" errors="0" timestamp="2024-07-09T07:14:51 IST" skipped="0">
  <testcase classname="basiweb.testNG2" name="search" time="0.004"/>
  <testcase classname="basiweb.testNG2" name="AdSearch" time="0.001"/>
</testsuite> <!-- basiweb.testNG2 -->
