<?xml version="1.0" encoding="UTF-8"?>
<!-- Generated by org.testng.reporters.JUnitReportReporter -->
<testsuite hostname="DESKTOP-4QVBOBU" failures="0" tests="1" name="basiweb.tet1" time="0.691" errors="0" timestamp="2024-07-09T06:46:40 IST" skipped="0">
  <testcase classname="basiweb.tet1" name="Loadingpage" time="0.691"/>
</testsuite> <!-- basiweb.tet1 -->
